<?xml version="1.0" encoding="UTF-8"?>
<!-- Generated by org.testng.reporters.JUnitXMLReporter -->
<testsuite ignored="0" hostname="Achu" failures="0" tests="9" name="Test Suite Regression Chrome" time="97.737" errors="0" timestamp="2024-10-31T22:02:53 GMT">
  <testcase classname="testCases.SauceLoginTest" name="LoginSubmission" time="6.583"/>
  <testcase classname="testCases.SauceLoginTest" name="LoginSubmission" time="11.809"/>
  <testcase classname="testCases.SauceLoginTest" name="LoginSubmission" time="4.943"/>
  <testcase classname="testCases.SauceLoginTest" name="LoginSubmission" time="2.563"/>
  <testcase classname="testCases.SauceProductTest" name="LoginSubmission" time="4.411"/>
  <testcase classname="testCases.SauceProductTest" name="Product" time="3.242"/>
  <testcase classname="testCases.SauceAddToCartTest" name="ProductAddToCart" time="4.584"/>
  <testcase classname="testCases.SauceYourInfoTest" name="AddYourInformation" time="5.793"/>
  <testcase classname="testCases.SauceCheckoutTest" name="Checkout" time="17.122"/>
</testsuite> <!-- Test Suite Regression Chrome -->
