<?xml version="1.0" encoding="UTF-8"?>
<!-- Generated by org.testng.reporters.JUnitXMLReporter -->
<testsuite ignored="0" hostname="Achu" failures="0" tests="9" name="Test Suite Regression Firefox" time="81.44" errors="0" timestamp="2024-10-31T22:04:15 GMT">
  <testcase classname="testCases.SauceLoginTest" name="LoginSubmission" time="3.776"/>
  <testcase classname="testCases.SauceLoginTest" name="LoginSubmission" time="6.59"/>
  <testcase classname="testCases.SauceLoginTest" name="LoginSubmission" time="1.653"/>
  <testcase classname="testCases.SauceLoginTest" name="LoginSubmission" time="1.208"/>
  <testcase classname="testCases.SauceProductTest" name="LoginSubmission" time="1.955"/>
  <testcase classname="testCases.SauceProductTest" name="Product" time="2.269"/>
  <testcase classname="testCases.SauceAddToCartTest" name="ProductAddToCart" time="2.7"/>
  <testcase classname="testCases.SauceYourInfoTest" name="AddYourInformation" time="3.704"/>
  <testcase classname="testCases.SauceCheckoutTest" name="Checkout" time="15.66"/>
</testsuite> <!-- Test Suite Regression Firefox -->
