<?xml version="1.0" encoding="UTF-8"?>
<!-- Generated by org.testng.reporters.JUnitXMLReporter -->
<testsuite ignored="0" hostname="Achu" failures="0" tests="9" name="Test Suite Regression Edge" time="72.089" errors="0" timestamp="2024-10-31T22:05:27 GMT">
  <testcase classname="testCases.SauceLoginTest" name="LoginSubmission" time="4.107"/>
  <testcase classname="testCases.SauceLoginTest" name="LoginSubmission" time="7.444"/>
  <testcase classname="testCases.SauceLoginTest" name="LoginSubmission" time="2.025"/>
  <testcase classname="testCases.SauceLoginTest" name="LoginSubmission" time="1.21"/>
  <testcase classname="testCases.SauceProductTest" name="LoginSubmission" time="2.537"/>
  <testcase classname="testCases.SauceProductTest" name="Product" time="2.4"/>
  <testcase classname="testCases.SauceAddToCartTest" name="ProductAddToCart" time="3.424"/>
  <testcase classname="testCases.SauceYourInfoTest" name="AddYourInformation" time="5.47"/>
  <testcase classname="testCases.SauceCheckoutTest" name="Checkout" time="16.466"/>
</testsuite> <!-- Test Suite Regression Edge -->
